<?xml version="1.0" encoding="UTF-8"?>
<!-- Generated by org.testng.reporters.JUnitReportReporter -->
<testsuite hostname="MAHFUJ-1B5SPLO" name="test_signIn.LoginWithValidCredentialUsingEmail" tests="1" failures="0" timestamp="15 Aug 2020 21:48:16 GMT" time="11.155" errors="0">
  <testcase name="loginWithValidCredentialUsingEmailTest" time="11.155" classname="test_signIn.LoginWithValidCredentialUsingEmail"/>
</testsuite> <!-- test_signIn.LoginWithValidCredentialUsingEmail -->
